app/build/outputs/logs/manifest-merger-release-report.txt
-- Merging decision tree log ---
manifest
ADDED from src\main\AndroidManifest.xml:2:1-33:12
INJECTED from src\main\AndroidManifest.xml:2:1-33:12
INJECTED from src\main\AndroidManifest.xml:2:1-33:12
INJECTED from src\main\AndroidManifest.xml:2:1-33:12
MERGED from [com.google.android.material:material:1.3.0] AndroidManifest.xml:17:1-24:12
MERGED from [androidx.constraintlayout:constraintlayout:2.0.4] AndroidManifest.xml:2:1-11:12
MERGED from [pub.devrel:easypermissions:1.2.0] AndroidManifest.xml:2:1-19:12
MERGED from [:lib-zxing] AndroidManifest.xml:2:1-32:12
MERGED from [androidx.cardview:cardview:1.0.0] AndroidManifest.xml:17:1-22:12
MERGED from [:imagepicker] AndroidManifest.xml:2:1-76:12
MERGED from [com.github.chrisbanes.photoview:library:1.2.4] AndroidManifest.xml:2:1-11:12
MERGED from [androidx.legacy:legacy-support-v4:1.0.0] AndroidManifest.xml:17:1-22:12
MERGED from [androidx.legacy:legacy-support-core-ui:1.0.0] AndroidManifest.xml:17:1-22:12
MERGED from [androidx.coordinatorlayout:coordinatorlayout:1.1.0] AndroidManifest.xml:17:1-24:12
MERGED from [androidx.transition:transition:1.2.0] AndroidManifest.xml:17:1-24:12
MERGED from [androidx.appcompat:appcompat:1.2.0] AndroidManifest.xml:17:1-24:12
MERGED from [androidx.appcompat:appcompat-resources:1.2.0] AndroidManifest.xml:17:1-24:12
MERGED from [androidx.vectordrawable:vectordrawable-animated:1.1.0] AndroidManifest.xml:17:1-24:12
MERGED from [androidx.vectordrawable:vectordrawable:1.1.0] AndroidManifest.xml:17:1-24:12
MERGED from [androidx.viewpager2:viewpager2:1.0.0] AndroidManifest.xml:17:1-24:12
MERGED from [androidx.dynamicanimation:dynamicanimation:1.0.0] AndroidManifest.xml:17:1-22:12
MERGED from [androidx.recyclerview:recyclerview:1.1.0] AndroidManifest.xml:17:1-24:12
MERGED from [androidx.drawerlayout:drawerlayout:1.0.0] AndroidManifest.xml:17:1-22:12
MERGED from [androidx.fragment:fragment:1.1.0] AndroidManifest.xml:17:1-24:12
MERGED from [androidx.viewpager:viewpager:1.0.0] AndroidManifest.xml:17:1-22:12
MERGED from [androidx.slidingpanelayout:slidingpanelayout:1.0.0] AndroidManifest.xml:17:1-22:12
MERGED from [androidx.customview:customview:1.0.0] AndroidManifest.xml:17:1-22:12
MERGED from [androidx.legacy:legacy-support-core-utils:1.0.0] AndroidManifest.xml:17:1-22:12
MERGED from [androidx.loader:loader:1.0.0] AndroidManifest.xml:17:1-22:12
MERGED from [androidx.media:media:1.0.0] AndroidManifest.xml:17:1-22:12
MERGED from [androidx.swiperefreshlayout:swiperefreshlayout:1.0.0] AndroidManifest.xml:17:1-22:12
MERGED from [androidx.asynclayoutinflater:asynclayoutinflater:1.0.0] AndroidManifest.xml:17:1-22:12
MERGED from [androidx.activity:activity:1.0.0] AndroidManifest.xml:17:1-24:12
MERGED from [androidx.core:core:1.3.1] AndroidManifest.xml:17:1-26:12
MERGED from [androidx.versionedparcelable:versionedparcelable:1.1.0] AndroidManifest.xml:17:1-27:12
MERGED from [androidx.cursoradapter:cursoradapter:1.0.0] AndroidManifest.xml:17:1-22:12
MERGED from [androidx.documentfile:documentfile:1.0.0] AndroidManifest.xml:17:1-22:12
MERGED from [androidx.localbroadcastmanager:localbroadcastmanager:1.0.0] AndroidManifest.xml:17:1-22:12
MERGED from [androidx.print:print:1.0.0] AndroidManifest.xml:17:1-22:12
MERGED from [androidx.interpolator:interpolator:1.0.0] AndroidManifest.xml:17:1-22:12
MERGED from [androidx.lifecycle:lifecycle-livedata:2.0.0] AndroidManifest.xml:17:1-22:12
MERGED from [androidx.lifecycle:lifecycle-livedata-core:2.0.0] AndroidManifest.xml:17:1-22:12
MERGED from [androidx.arch.core:core-runtime:2.0.0] AndroidManifest.xml:17:1-22:12
MERGED from [androidx.lifecycle:lifecycle-runtime:2.1.0] AndroidManifest.xml:17:1-22:12
MERGED from [androidx.lifecycle:lifecycle-viewmodel:2.1.0] AndroidManifest.xml:17:1-22:12
MERGED from [androidx.savedstate:savedstate:1.0.0] AndroidManifest.xml:17:1-24:12
MERGED from [androidx.annotation:annotation-experimental:1.0.0] AndroidManifest.xml:17:1-24:12
MERGED from [com.google.vr:sdk-panowidget:1.140.0] AndroidManifest.xml:2:1-9:12
MERGED from [jp.wasabeef:glide-transformations:2.0.1] AndroidManifest.xml:2:1-12:12
MERGED from [com.google.vr:sdk-commonwidget:1.140.0] AndroidManifest.xml:2:1-9:12
MERGED from [com.google.vr:sdk-common:1.140.0] AndroidManifest.xml:2:1-9:12
INJECTED from src\main\AndroidManifest.xml:2:1-33:12
INJECTED from src\main\AndroidManifest.xml:2:1-33:12
INJECTED from src\main\AndroidManifest.xml:2:1-33:12
	package
		ADDED from src\main\AndroidManifest.xml:4:5-40
		INJECTED from src\main\AndroidManifest.xml
		INJECTED from src\main\AndroidManifest.xml
	android:versionName
		INJECTED from src\main\AndroidManifest.xml
		ADDED from src\main\AndroidManifest.xml:2:1-33:12
		INJECTED from src\main\AndroidManifest.xml
	xmlns:tools
		ADDED from src\main\AndroidManifest.xml:3:5-51
	android:versionCode
		INJECTED from src\main\AndroidManifest.xml
		ADDED from src\main\AndroidManifest.xml:2:1-33:12
		INJECTED from src\main\AndroidManifest.xml
	xmlns:android
		ADDED from src\main\AndroidManifest.xml:2:11-69
uses-permission#android.permission.READ_EXTERNAL_STORAGE
ADDED from src\main\AndroidManifest.xml:6:5-79
MERGED from [:imagepicker] AndroidManifest.xml:16:5-80
MERGED from [:imagepicker] AndroidManifest.xml:16:5-80
	android:name
		ADDED from src\main\AndroidManifest.xml:6:22-77
uses-permission#android.permission.WRITE_EXTERNAL_STORAGE
ADDED from src\main\AndroidManifest.xml:7:5-80
MERGED from [:imagepicker] AndroidManifest.xml:14:5-81
MERGED from [:imagepicker] AndroidManifest.xml:14:5-81
	android:name
		ADDED from src\main\AndroidManifest.xml:7:22-78
uses-permission#android.permission.CAMERA
ADDED from src\main\AndroidManifest.xml:8:5-64
MERGED from [:imagepicker] AndroidManifest.xml:18:5-65
MERGED from [:imagepicker] AndroidManifest.xml:18:5-65
	android:name
		ADDED from src\main\AndroidManifest.xml:8:22-62
uses-feature#android.hardware.camera
ADDED from src\main\AndroidManifest.xml:10:5-59
	android:name
		ADDED from src\main\AndroidManifest.xml:10:19-57
uses-feature#android.hardware.camera.autofocus
ADDED from src\main\AndroidManifest.xml:11:5-69
	android:name
		ADDED from src\main\AndroidManifest.xml:11:19-67
uses-permission#android.permission.FLASHLIGHT
ADDED from src\main\AndroidManifest.xml:13:5-68
	android:name
		ADDED from src\main\AndroidManifest.xml:13:22-66
application
ADDED from src\main\AndroidManifest.xml:14:5-31:19
MERGED from [com.google.android.material:material:1.3.0] AndroidManifest.xml:22:5-20
MERGED from [com.google.android.material:material:1.3.0] AndroidManifest.xml:22:5-20
MERGED from [androidx.constraintlayout:constraintlayout:2.0.4] AndroidManifest.xml:9:5-20
MERGED from [androidx.constraintlayout:constraintlayout:2.0.4] AndroidManifest.xml:9:5-20
MERGED from [pub.devrel:easypermissions:1.2.0] AndroidManifest.xml:11:5-17:19
MERGED from [pub.devrel:easypermissions:1.2.0] AndroidManifest.xml:11:5-17:19
MERGED from [:lib-zxing] AndroidManifest.xml:14:5-30:19
MERGED from [:lib-zxing] AndroidManifest.xml:14:5-30:19
MERGED from [:imagepicker] AndroidManifest.xml:20:5-74:19
MERGED from [:imagepicker] AndroidManifest.xml:20:5-74:19
MERGED from [androidx.core:core:1.3.1] AndroidManifest.xml:24:5-89
MERGED from [androidx.core:core:1.3.1] AndroidManifest.xml:24:5-89
MERGED from [androidx.versionedparcelable:versionedparcelable:1.1.0] AndroidManifest.xml:24:5-25:19
MERGED from [androidx.versionedparcelable:versionedparcelable:1.1.0] AndroidManifest.xml:24:5-25:19
	android:appComponentFactory
		ADDED from [androidx.core:core:1.3.1] AndroidManifest.xml:24:18-86
	android:supportsRtl
		ADDED from src\main\AndroidManifest.xml:19:9-35
	android:label
		ADDED from src\main\AndroidManifest.xml:17:9-41
	android:roundIcon
		ADDED from src\main\AndroidManifest.xml:18:9-54
	android:icon
		ADDED from src\main\AndroidManifest.xml:16:9-43
	android:allowBackup
		ADDED from src\main\AndroidManifest.xml:15:9-35
		REJECTED from [:lib-zxing] AndroidManifest.xml:16:9-36
	android:theme
		ADDED from src\main\AndroidManifest.xml:21:9-54
	tools:replace
		ADDED from src\main\AndroidManifest.xml:20:9-44
	android:name
		ADDED from [:lib-zxing] AndroidManifest.xml:15:9-58
activity#com.example.getactivecode.MainActivity
ADDED from src\main\AndroidManifest.xml:22:9-30:20
	android:exported
		ADDED from src\main\AndroidManifest.xml:24:13-36
	android:name
		ADDED from src\main\AndroidManifest.xml:23:13-41
intent-filter#action:name:android.intent.action.MAIN+category:name:android.intent.category.LAUNCHER
ADDED from src\main\AndroidManifest.xml:25:13-29:29
action#android.intent.action.MAIN
ADDED from src\main\AndroidManifest.xml:26:17-69
	android:name
		ADDED from src\main\AndroidManifest.xml:26:25-66
category#android.intent.category.LAUNCHER
ADDED from src\main\AndroidManifest.xml:28:17-77
	android:name
		ADDED from src\main\AndroidManifest.xml:28:27-74
uses-sdk
INJECTED from src\main\AndroidManifest.xml reason: use-sdk injection requested
INJECTED from src\main\AndroidManifest.xml
INJECTED from src\main\AndroidManifest.xml
MERGED from [com.google.android.material:material:1.3.0] AndroidManifest.xml:20:5-44
MERGED from [com.google.android.material:material:1.3.0] AndroidManifest.xml:20:5-44
MERGED from [androidx.constraintlayout:constraintlayout:2.0.4] AndroidManifest.xml:5:5-7:41
MERGED from [androidx.constraintlayout:constraintlayout:2.0.4] AndroidManifest.xml:5:5-7:41
MERGED from [pub.devrel:easypermissions:1.2.0] AndroidManifest.xml:7:5-9:41
MERGED from [pub.devrel:easypermissions:1.2.0] AndroidManifest.xml:7:5-9:41
MERGED from [:lib-zxing] AndroidManifest.xml:8:5-10:41
MERGED from [:lib-zxing] AndroidManifest.xml:8:5-10:41
MERGED from [androidx.cardview:cardview:1.0.0] AndroidManifest.xml:20:5-44
MERGED from [androidx.cardview:cardview:1.0.0] AndroidManifest.xml:20:5-44
MERGED from [:imagepicker] AndroidManifest.xml:7:5-9:41
MERGED from [:imagepicker] AndroidManifest.xml:7:5-9:41
MERGED from [com.github.chrisbanes.photoview:library:1.2.4] AndroidManifest.xml:7:5-9:41
MERGED from [com.github.chrisbanes.photoview:library:1.2.4] AndroidManifest.xml:7:5-9:41
MERGED from [androidx.legacy:legacy-support-v4:1.0.0] AndroidManifest.xml:20:5-44
MERGED from [androidx.legacy:legacy-support-v4:1.0.0] AndroidManifest.xml:20:5-44
MERGED from [androidx.legacy:legacy-support-core-ui:1.0.0] AndroidManifest.xml:20:5-44
MERGED from [androidx.legacy:legacy-support-core-ui:1.0.0] AndroidManifest.xml:20:5-44
MERGED from [androidx.coordinatorlayout:coordinatorlayout:1.1.0] AndroidManifest.xml:20:5-22:41
MERGED from [androidx.coordinatorlayout:coordinatorlayout:1.1.0] AndroidManifest.xml:20:5-22:41
MERGED from [androidx.transition:transition:1.2.0] AndroidManifest.xml:20:5-22:41
MERGED from [androidx.transition:transition:1.2.0] AndroidManifest.xml:20:5-22:41
MERGED from [androidx.appcompat:appcompat:1.2.0] AndroidManifest.xml:20:5-22:41
MERGED from [androidx.appcompat:appcompat:1.2.0] AndroidManifest.xml:20:5-22:41
MERGED from [androidx.appcompat:appcompat-resources:1.2.0] AndroidManifest.xml:20:5-22:41
MERGED from [androidx.appcompat:appcompat-resources:1.2.0] AndroidManifest.xml:20:5-22:41
MERGED from [androidx.vectordrawable:vectordrawable-animated:1.1.0] AndroidManifest.xml:20:5-22:41
MERGED from [androidx.vectordrawable:vectordrawable-animated:1.1.0] AndroidManifest.xml:20:5-22:41
MERGED from [androidx.vectordrawable:vectordrawable:1.1.0] AndroidManifest.xml:20:5-22:41
MERGED from [androidx.vectordrawable:vectordrawable:1.1.0] AndroidManifest.xml:20:5-22:41
MERGED from [androidx.viewpager2:viewpager2:1.0.0] AndroidManifest.xml:20:5-22:41
MERGED from [androidx.viewpager2:viewpager2:1.0.0] AndroidManifest.xml:20:5-22:41
MERGED from [androidx.dynamicanimation:dynamicanimation:1.0.0] AndroidManifest.xml:20:5-44
MERGED from [androidx.dynamicanimation:dynamicanimation:1.0.0] AndroidManifest.xml:20:5-44
MERGED from [androidx.recyclerview:recyclerview:1.1.0] AndroidManifest.xml:20:5-22:41
MERGED from [androidx.recyclerview:recyclerview:1.1.0] AndroidManifest.xml:20:5-22:41
MERGED from [androidx.drawerlayout:drawerlayout:1.0.0] AndroidManifest.xml:20:5-44
MERGED from [androidx.drawerlayout:drawerlayout:1.0.0] AndroidManifest.xml:20:5-44
MERGED from [androidx.fragment:fragment:1.1.0] AndroidManifest.xml:20:5-22:41
MERGED from [androidx.fragment:fragment:1.1.0] AndroidManifest.xml:20:5-22:41
MERGED from [androidx.viewpager:viewpager:1.0.0] AndroidManifest.xml:20:5-44
MERGED from [androidx.viewpager:viewpager:1.0.0] AndroidManifest.xml:20:5-44
MERGED from [androidx.slidingpanelayout:slidingpanelayout:1.0.0] AndroidManifest.xml:20:5-44
MERGED from [androidx.slidingpanelayout:slidingpanelayout:1.0.0] AndroidManifest.xml:20:5-44
MERGED from [androidx.customview:customview:1.0.0] AndroidManifest.xml:20:5-44
MERGED from [androidx.customview:customview:1.0.0] AndroidManifest.xml:20:5-44
MERGED from [androidx.legacy:legacy-support-core-utils:1.0.0] AndroidManifest.xml:20:5-44
MERGED from [androidx.legacy:legacy-support-core-utils:1.0.0] AndroidManifest.xml:20:5-44
MERGED from [androidx.loader:loader:1.0.0] AndroidManifest.xml:20:5-44
MERGED from [androidx.loader:loader:1.0.0] AndroidManifest.xml:20:5-44
MERGED from [androidx.media:media:1.0.0] AndroidManifest.xml:20:5-44
MERGED from [androidx.media:media:1.0.0] AndroidManifest.xml:20:5-44
MERGED from [androidx.swiperefreshlayout:swiperefreshlayout:1.0.0] AndroidManifest.xml:20:5-44
MERGED from [androidx.swiperefreshlayout:swiperefreshlayout:1.0.0] AndroidManifest.xml:20:5-44
MERGED from [androidx.asynclayoutinflater:asynclayoutinflater:1.0.0] AndroidManifest.xml:20:5-44
MERGED from [androidx.asynclayoutinflater:asynclayoutinflater:1.0.0] AndroidManifest.xml:20:5-44
MERGED from [androidx.activity:activity:1.0.0] AndroidManifest.xml:20:5-22:41
MERGED from [androidx.activity:activity:1.0.0] AndroidManifest.xml:20:5-22:41
MERGED from [androidx.core:core:1.3.1] AndroidManifest.xml:20:5-22:41
MERGED from [androidx.core:core:1.3.1] AndroidManifest.xml:20:5-22:41
MERGED from [androidx.versionedparcelable:versionedparcelable:1.1.0] AndroidManifest.xml:20:5-22:41
MERGED from [androidx.versionedparcelable:versionedparcelable:1.1.0] AndroidManifest.xml:20:5-22:41
MERGED from [androidx.cursoradapter:cursoradapter:1.0.0] AndroidManifest.xml:20:5-44
MERGED from [androidx.cursoradapter:cursoradapter:1.0.0] AndroidManifest.xml:20:5-44
MERGED from [androidx.documentfile:documentfile:1.0.0] AndroidManifest.xml:20:5-44
MERGED from [androidx.documentfile:documentfile:1.0.0] AndroidManifest.xml:20:5-44
MERGED from [androidx.localbroadcastmanager:localbroadcastmanager:1.0.0] AndroidManifest.xml:20:5-44
MERGED from [androidx.localbroadcastmanager:localbroadcastmanager:1.0.0] AndroidManifest.xml:20:5-44
MERGED from [androidx.print:print:1.0.0] AndroidManifest.xml:20:5-44
MERGED from [androidx.print:print:1.0.0] AndroidManifest.xml:20:5-44
MERGED from [androidx.interpolator:interpolator:1.0.0] AndroidManifest.xml:20:5-44
MERGED from [androidx.interpolator:interpolator:1.0.0] AndroidManifest.xml:20:5-44
MERGED from [androidx.lifecycle:lifecycle-livedata:2.0.0] AndroidManifest.xml:20:5-44
MERGED from [androidx.lifecycle:lifecycle-livedata:2.0.0] AndroidManifest.xml:20:5-44
MERGED from [androidx.lifecycle:lifecycle-livedata-core:2.0.0] AndroidManifest.xml:20:5-44
MERGED from [androidx.lifecycle:lifecycle-livedata-core:2.0.0] AndroidManifest.xml:20:5-44
MERGED from [androidx.arch.core:core-runtime:2.0.0] AndroidManifest.xml:20:5-44
MERGED from [androidx.arch.core:core-runtime:2.0.0] AndroidManifest.xml:20:5-44
MERGED from [androidx.lifecycle:lifecycle-runtime:2.1.0] AndroidManifest.xml:20:5-44
MERGED from [androidx.lifecycle:lifecycle-runtime:2.1.0] AndroidManifest.xml:20:5-44
MERGED from [androidx.lifecycle:lifecycle-viewmodel:2.1.0] AndroidManifest.xml:20:5-44
MERGED from [androidx.lifecycle:lifecycle-viewmodel:2.1.0] AndroidManifest.xml:20:5-44
MERGED from [androidx.savedstate:savedstate:1.0.0] AndroidManifest.xml:20:5-22:41
MERGED from [androidx.savedstate:savedstate:1.0.0] AndroidManifest.xml:20:5-22:41
MERGED from [androidx.annotation:annotation-experimental:1.0.0] AndroidManifest.xml:20:5-22:41
MERGED from [androidx.annotation:annotation-experimental:1.0.0] AndroidManifest.xml:20:5-22:41
MERGED from [com.google.vr:sdk-panowidget:1.140.0] AndroidManifest.xml:5:5-7:41
MERGED from [com.google.vr:sdk-panowidget:1.140.0] AndroidManifest.xml:5:5-7:41
MERGED from [jp.wasabeef:glide-transformations:2.0.1] AndroidManifest.xml:8:5-10:41
MERGED from [jp.wasabeef:glide-transformations:2.0.1] AndroidManifest.xml:8:5-10:41
MERGED from [com.google.vr:sdk-commonwidget:1.140.0] AndroidManifest.xml:5:5-7:41
MERGED from [com.google.vr:sdk-commonwidget:1.140.0] AndroidManifest.xml:5:5-7:41
MERGED from [com.google.vr:sdk-common:1.140.0] AndroidManifest.xml:5:5-7:41
MERGED from [com.google.vr:sdk-common:1.140.0] AndroidManifest.xml:5:5-7:41
INJECTED from src\main\AndroidManifest.xml
INJECTED from src\main\AndroidManifest.xml
	android:targetSdkVersion
		INJECTED from src\main\AndroidManifest.xml
		ADDED from src\main\AndroidManifest.xml
		INJECTED from src\main\AndroidManifest.xml
	android:minSdkVersion
		INJECTED from src\main\AndroidManifest.xml
		ADDED from src\main\AndroidManifest.xml
		INJECTED from src\main\AndroidManifest.xml
activity#pub.devrel.easypermissions.AppSettingsDialogHolderActivity
ADDED from [pub.devrel:easypermissions:1.2.0] AndroidManifest.xml:12:9-16:66
	android:label
		ADDED from [pub.devrel:easypermissions:1.2.0] AndroidManifest.xml:15:13-29
	android:exported
		ADDED from [pub.devrel:easypermissions:1.2.0] AndroidManifest.xml:14:13-37
	android:theme
		ADDED from [pub.devrel:easypermissions:1.2.0] AndroidManifest.xml:16:13-63
	android:name
		ADDED from [pub.devrel:easypermissions:1.2.0] AndroidManifest.xml:13:13-86
uses-permission#android.permission.VIBRATE
ADDED from [:lib-zxing] AndroidManifest.xml:12:5-66
	android:name
		ADDED from [:lib-zxing] AndroidManifest.xml:12:22-63
activity#com.uuzuche.lib_zxing.activity.CaptureActivity
ADDED from [:lib-zxing] AndroidManifest.xml:18:9-23:63
	android:screenOrientation
		ADDED from [:lib-zxing] AndroidManifest.xml:21:13-49
	android:windowSoftInputMode
		ADDED from [:lib-zxing] AndroidManifest.xml:23:13-60
	android:configChanges
		ADDED from [:lib-zxing] AndroidManifest.xml:20:13-63
	android:theme
		ADDED from [:lib-zxing] AndroidManifest.xml:22:13-63
	android:name
		ADDED from [:lib-zxing] AndroidManifest.xml:19:13-74
activity#com.uuzuche.lib_zxing.activity.QRCodeActivity
ADDED from [:lib-zxing] AndroidManifest.xml:24:9-29:63
	android:screenOrientation
		ADDED from [:lib-zxing] AndroidManifest.xml:27:13-49
	android:windowSoftInputMode
		ADDED from [:lib-zxing] AndroidManifest.xml:29:13-60
	android:configChanges
		ADDED from [:lib-zxing] AndroidManifest.xml:26:13-63
	android:theme
		ADDED from [:lib-zxing] AndroidManifest.xml:28:13-58
	android:name
		ADDED from [:lib-zxing] AndroidManifest.xml:25:13-73
uses-permission#android.permission.MOUNT_UNMOUNT_FILESYSTEMS
ADDED from [:imagepicker] AndroidManifest.xml:12:5-84
	android:name
		ADDED from [:imagepicker] AndroidManifest.xml:12:22-81
activity#com.lzy.imagepicker.ui.ImageBaseActivity
ADDED from [:imagepicker] AndroidManifest.xml:21:9-77
	android:name
		ADDED from [:imagepicker] AndroidManifest.xml:21:19-74
activity#com.lzy.imagepicker.ui.ImageGridActivity
ADDED from [:imagepicker] AndroidManifest.xml:22:9-26:55
	android:screenOrientation
		ADDED from [:imagepicker] AndroidManifest.xml:25:13-49
	android:configChanges
		ADDED from [:imagepicker] AndroidManifest.xml:24:13-59
	android:theme
		ADDED from [:imagepicker] AndroidManifest.xml:26:13-52
	android:name
		ADDED from [:imagepicker] AndroidManifest.xml:23:13-68
activity#com.lzy.imagepicker.ui.ImageCropActivity
ADDED from [:imagepicker] AndroidManifest.xml:27:9-32:55
	android:screenOrientation
		ADDED from [:imagepicker] AndroidManifest.xml:31:13-49
	android:hardwareAccelerated
		ADDED from [:imagepicker] AndroidManifest.xml:30:13-48
	android:configChanges
		ADDED from [:imagepicker] AndroidManifest.xml:29:13-59
	android:theme
		ADDED from [:imagepicker] AndroidManifest.xml:32:13-52
	android:name
		ADDED from [:imagepicker] AndroidManifest.xml:28:13-68
activity#com.lzy.imagepicker.ui.ImagePreviewActivity
ADDED from [:imagepicker] AndroidManifest.xml:33:9-37:65
	android:screenOrientation
		ADDED from [:imagepicker] AndroidManifest.xml:36:13-49
	android:configChanges
		ADDED from [:imagepicker] AndroidManifest.xml:35:13-59
	android:theme
		ADDED from [:imagepicker] AndroidManifest.xml:37:13-62
	android:name
		ADDED from [:imagepicker] AndroidManifest.xml:34:13-71
activity#com.lzy.imagepicker.ui.ImagePreviewDelActivity
ADDED from [:imagepicker] AndroidManifest.xml:38:9-42:65
	android:screenOrientation
		ADDED from [:imagepicker] AndroidManifest.xml:41:13-49
	android:configChanges
		ADDED from [:imagepicker] AndroidManifest.xml:40:13-59
	android:theme
		ADDED from [:imagepicker] AndroidManifest.xml:42:13-62
	android:name
		ADDED from [:imagepicker] AndroidManifest.xml:39:13-74
activity#com.lzy.imagepicker.ui.ImageCameraActivity
ADDED from [:imagepicker] AndroidManifest.xml:43:9-47:55
	android:screenOrientation
		ADDED from [:imagepicker] AndroidManifest.xml:46:13-49
	android:configChanges
		ADDED from [:imagepicker] AndroidManifest.xml:45:13-59
	android:theme
		ADDED from [:imagepicker] AndroidManifest.xml:47:13-52
	android:name
		ADDED from [:imagepicker] AndroidManifest.xml:44:13-70
provider#com.lzy.imagepicker.ImagePickerProvider
ADDED from [:imagepicker] AndroidManifest.xml:49:9-58:20
	android:screenOrientation
		ADDED from [:imagepicker] AndroidManifest.xml:54:13-49
	android:grantUriPermissions
		ADDED from [:imagepicker] AndroidManifest.xml:53:13-47
	android:authorities
		ADDED from [:imagepicker] AndroidManifest.xml:51:13-60
	android:exported
		ADDED from [:imagepicker] AndroidManifest.xml:52:13-37
	android:name
		ADDED from [:imagepicker] AndroidManifest.xml:50:13-67
meta-data#android.support.FILE_PROVIDER_PATHS
ADDED from [:imagepicker] AndroidManifest.xml:55:13-57:58
	android:resource
		ADDED from [:imagepicker] AndroidManifest.xml:57:17-55
	android:name
		ADDED from [:imagepicker] AndroidManifest.xml:56:17-67
activity#com.lzy.imagepicker.ui.ImagePanoramicActivity
ADDED from [:imagepicker] AndroidManifest.xml:60:9-63:65
	android:configChanges
		ADDED from [:imagepicker] AndroidManifest.xml:62:13-59
	android:theme
		ADDED from [:imagepicker] AndroidManifest.xml:63:13-62
	android:name
		ADDED from [:imagepicker] AndroidManifest.xml:61:13-73
activity#com.lzy.imagepicker.ui.VideoGridActivity
ADDED from [:imagepicker] AndroidManifest.xml:64:9-68:55
	android:screenOrientation
		ADDED from [:imagepicker] AndroidManifest.xml:67:13-49
	android:configChanges
		ADDED from [:imagepicker] AndroidManifest.xml:66:13-59
	android:theme
		ADDED from [:imagepicker] AndroidManifest.xml:68:13-52
	android:name
		ADDED from [:imagepicker] AndroidManifest.xml:65:13-68
activity#com.lzy.imagepicker.ui.VideoPreviewActivity
ADDED from [:imagepicker] AndroidManifest.xml:69:9-73:55
	android:screenOrientation
		ADDED from [:imagepicker] AndroidManifest.xml:72:13-49
	android:configChanges
		ADDED from [:imagepicker] AndroidManifest.xml:71:13-59
	android:theme
		ADDED from [:imagepicker] AndroidManifest.xml:73:13-52
	android:name
		ADDED from [:imagepicker] AndroidManifest.xml:70:13-71